2023-10-06 15:25:40,010 SQL PART2 DEBUG Executing: SELECT COUNT(*) FROM User
2023-10-06 15:25:40,069 SQL PART2 DEBUG Executing: SELECT COUNT(*) FROM Activity
2023-10-06 15:25:40,141 SQL PART2 DEBUG Executing: SELECT COUNT(*) FROM TrackPoint
2023-10-06 15:26:01,393 SQL PART2 DEBUG Executing: SELECT COUNT(*) FROM User
2023-10-06 15:26:01,459 SQL PART2 DEBUG Executing: SELECT COUNT(*) FROM Activity
2023-10-06 15:26:01,523 SQL PART2 DEBUG Executing: SELECT COUNT(*) FROM TrackPoint
2023-10-06 15:26:43,732 SQL PART2 DEBUG Executing: SELECT COUNT(*) FROM User
2023-10-06 15:26:43,792 SQL PART2 DEBUG Executing: SELECT COUNT(*) FROM Activity
2023-10-06 15:26:43,860 SQL PART2 DEBUG Executing: SELECT COUNT(*) FROM TrackPoint
2023-10-06 15:26:55,604 SQL PART2 DEBUG Executing: SELECT COUNT(*) FROM User
2023-10-06 15:26:55,667 SQL PART2 DEBUG Executing: SELECT COUNT(*) FROM Activity
2023-10-06 15:26:55,731 SQL PART2 DEBUG Executing: SELECT COUNT(*) FROM TrackPoint
2023-10-06 15:27:08,317 SQL PART2 DEBUG Executing: SELECT COUNT(*) FROM User
2023-10-06 15:27:08,407 SQL PART2 DEBUG Executing: SELECT COUNT(*) FROM Activity
2023-10-06 15:27:08,485 SQL PART2 DEBUG Executing: SELECT COUNT(*) FROM TrackPoint
2023-10-06 15:27:35,147 SQL PART2 DEBUG Executing: SELECT COUNT(*) FROM User
2023-10-06 15:27:35,204 SQL PART2 DEBUG Executing: SELECT COUNT(*) FROM Activity
2023-10-06 15:27:35,294 SQL PART2 DEBUG Executing: SELECT COUNT(*) FROM TrackPoint
2023-10-06 15:29:42,475 SQL PART2 DEBUG Executing: SELECT COUNT(*) FROM User
2023-10-06 15:29:42,536 SQL PART2 DEBUG Executing: SELECT COUNT(*) FROM Activity
2023-10-06 15:29:42,598 SQL PART2 DEBUG Executing: SELECT COUNT(*) FROM TrackPoint
2023-10-06 15:29:55,665 SQL PART2 DEBUG Executing: SELECT COUNT(*) FROM User
2023-10-06 15:29:55,720 SQL PART2 DEBUG Executing: SELECT COUNT(*) FROM Activity
2023-10-06 15:29:55,778 SQL PART2 DEBUG Executing: SELECT COUNT(*) FROM TrackPoint
2023-10-06 15:30:03,560 SQL PART2 DEBUG Executing: SELECT COUNT(*) FROM User
2023-10-06 15:30:03,626 SQL PART2 DEBUG Executing: SELECT COUNT(*) FROM Activity
2023-10-06 15:30:03,691 SQL PART2 DEBUG Executing: SELECT COUNT(*) FROM TrackPoint
2023-10-06 15:30:22,749 SQL PART2 DEBUG Executing: SELECT COUNT(*) FROM User
2023-10-06 15:30:22,806 SQL PART2 DEBUG Executing: SELECT COUNT(*) FROM Activity
2023-10-06 15:30:22,871 SQL PART2 DEBUG Executing: SELECT COUNT(*) FROM TrackPoint
2023-10-06 15:30:58,999 SQL PART2 DEBUG Executing: SELECT COUNT(*) FROM User
2023-10-06 15:30:59,050 SQL PART2 DEBUG Executing: SELECT COUNT(*) FROM Activity
2023-10-06 15:30:59,126 SQL PART2 DEBUG Executing: SELECT COUNT(*) FROM TrackPoint
2023-10-06 15:31:34,671 SQL PART2 DEBUG Executing: SELECT COUNT(*) as n_user FROM User
2023-10-06 15:31:34,725 SQL PART2 DEBUG Executing: SELECT COUNT(*) as n_activity FROM Activity
2023-10-06 15:31:34,789 SQL PART2 DEBUG Executing: SELECT COUNT(*) as n_trackpoints FROM TrackPoint
2023-10-06 15:33:16,485 SQL PART2 DEBUG Executing: SELECT COUNT(*) as n_user FROM User
2023-10-06 15:33:16,550 SQL PART2 DEBUG Executing: SELECT COUNT(*) as n_activity FROM Activity
2023-10-06 15:33:16,617 SQL PART2 DEBUG Executing: SELECT COUNT(*) as n_trackpoints FROM TrackPoint
